<?xml version="1.0" encoding="UTF-8"?>
<coverage generated="1775827431690" clover="3.2.0">
  <project timestamp="1775827431691" name="All files">
    <metrics statements="127" coveredstatements="126" conditionals="52" coveredconditionals="44" methods="35" coveredmethods="33" elements="214" coveredelements="203" complexity="0" loc="127" ncloc="127" packages="2" files="4" classes="4"/>
    <package name="services">
      <metrics statements="26" coveredstatements="26" conditionals="14" coveredconditionals="10" methods="6" coveredmethods="6"/>
      <file name="serverConfig.ts" path="/home/user/fooddeliver-customer/services/serverConfig.ts">
        <metrics statements="26" coveredstatements="26" conditionals="14" coveredconditionals="10" methods="6" coveredmethods="6"/>
        <line num="4" count="1" type="stmt"/>
        <line num="5" count="1" type="stmt"/>
        <line num="7" count="1" type="stmt"/>
        <line num="12" count="1" type="stmt"/>
        <line num="13" count="1" type="stmt"/>
        <line num="16" count="5" type="stmt"/>
        <line num="17" count="5" type="stmt"/>
        <line num="18" count="4" type="stmt"/>
        <line num="19" count="4" type="cond" truecount="2" falsecount="0"/>
        <line num="20" count="4" type="cond" truecount="2" falsecount="0"/>
        <line num="22" count="1" type="stmt"/>
        <line num="23" count="1" type="stmt"/>
        <line num="28" count="9" type="cond" truecount="1" falsecount="1"/>
        <line num="29" count="9" type="cond" truecount="2" falsecount="0"/>
        <line num="33" count="7" type="cond" truecount="1" falsecount="1"/>
        <line num="37" count="8" type="stmt"/>
        <line num="38" count="8" type="stmt"/>
        <line num="39" count="8" type="stmt"/>
        <line num="40" count="8" type="stmt"/>
        <line num="41" count="8" type="stmt"/>
        <line num="42" count="8" type="stmt"/>
        <line num="46" count="17" type="stmt"/>
        <line num="47" count="17" type="stmt"/>
        <line num="48" count="17" type="stmt"/>
        <line num="49" count="17" type="stmt"/>
        <line num="53" count="5" type="stmt"/>
      </file>
    </package>
    <package name="stores">
      <metrics statements="101" coveredstatements="100" conditionals="38" coveredconditionals="34" methods="29" coveredmethods="27"/>
      <file name="authStore.ts" path="/home/user/fooddeliver-customer/stores/authStore.ts">
        <metrics statements="54" coveredstatements="53" conditionals="16" coveredconditionals="13" methods="8" coveredmethods="7"/>
        <line num="6" count="1" type="stmt"/>
        <line num="27" count="1" type="stmt"/>
        <line num="34" count="5" type="stmt"/>
        <line num="36" count="5" type="stmt"/>
        <line num="37" count="5" type="stmt"/>
        <line num="39" count="3" type="cond" truecount="2" falsecount="0"/>
        <line num="40" count="1" type="stmt"/>
        <line num="43" count="2" type="stmt"/>
        <line num="44" count="2" type="stmt"/>
        <line num="46" count="2" type="stmt"/>
        <line num="53" count="3" type="cond" truecount="2" falsecount="1"/>
        <line num="54" count="3" type="stmt"/>
        <line num="55" count="3" type="stmt"/>
        <line num="60" count="3" type="stmt"/>
        <line num="62" count="3" type="stmt"/>
        <line num="63" count="3" type="stmt"/>
        <line num="65" count="1" type="stmt"/>
        <line num="66" count="1" type="stmt"/>
        <line num="68" count="1" type="stmt"/>
        <line num="75" count="2" type="cond" truecount="2" falsecount="1"/>
        <line num="76" count="2" type="stmt"/>
        <line num="77" count="2" type="stmt"/>
        <line num="82" count="3" type="stmt"/>
        <line num="84" count="3" type="stmt"/>
        <line num="85" count="3" type="stmt"/>
        <line num="86" count="2" type="stmt"/>
        <line num="88" count="1" type="stmt"/>
        <line num="90" count="3" type="stmt"/>
        <line num="100" count="6" type="stmt"/>
        <line num="102" count="6" type="stmt"/>
        <line num="103" count="6" type="stmt"/>
        <line num="105" count="5" type="cond" truecount="2" falsecount="0"/>
        <line num="106" count="1" type="stmt"/>
        <line num="107" count="1" type="stmt"/>
        <line num="110" count="4" type="stmt"/>
        <line num="112" count="4" type="cond" truecount="2" falsecount="0"/>
        <line num="113" count="3" type="stmt"/>
        <line num="115" count="3" type="stmt"/>
        <line num="121" count="3" type="stmt"/>
        <line num="122" count="3" type="stmt"/>
        <line num="123" count="2" type="cond" truecount="1" falsecount="1"/>
        <line num="125" count="1" type="stmt"/>
        <line num="128" count="1" type="stmt"/>
        <line num="129" count="1" type="stmt"/>
        <line num="132" count="1" type="stmt"/>
        <line num="133" count="1" type="stmt"/>
        <line num="137" count="1" type="stmt"/>
        <line num="140" count="3" type="stmt"/>
        <line num="141" count="3" type="cond" truecount="2" falsecount="0"/>
        <line num="142" count="2" type="stmt"/>
        <line num="143" count="2" type="stmt"/>
        <line num="144" count="2" type="stmt"/>
        <line num="150" count="1" type="stmt"/>
        <line num="151" count="0" type="stmt"/>
      </file>
      <file name="cartStore.ts" path="/home/user/fooddeliver-customer/stores/cartStore.ts">
        <metrics statements="43" coveredstatements="43" conditionals="22" coveredconditionals="21" methods="17" coveredmethods="16"/>
        <line num="5" count="1" type="stmt"/>
        <line num="7" count="1" type="stmt"/>
        <line num="9" count="24" type="stmt"/>
        <line num="28" count="34" type="stmt"/>
        <line num="31" count="1" type="stmt"/>
        <line num="37" count="25" type="stmt"/>
        <line num="40" count="25" type="cond" truecount="4" falsecount="0"/>
        <line num="41" count="1" type="stmt"/>
        <line num="46" count="1" type="stmt"/>
        <line num="47" count="1" type="stmt"/>
        <line num="48" count="1" type="stmt"/>
        <line num="52" count="24" type="stmt"/>
        <line num="54" count="6" type="cond" truecount="2" falsecount="0"/>
        <line num="59" count="24" type="cond" truecount="2" falsecount="0"/>
        <line num="60" count="1" type="stmt"/>
        <line num="61" count="1" type="stmt"/>
        <line num="66" count="23" type="stmt"/>
        <line num="69" count="24" type="stmt"/>
        <line num="70" count="24" type="stmt"/>
        <line num="71" count="24" type="stmt"/>
        <line num="75" count="6" type="stmt"/>
        <line num="77" count="5" type="cond" truecount="2" falsecount="0"/>
        <line num="80" count="5" type="stmt"/>
        <line num="81" count="5" type="stmt"/>
        <line num="85" count="4" type="cond" truecount="2" falsecount="0"/>
        <line num="86" count="2" type="stmt"/>
        <line num="87" count="2" type="stmt"/>
        <line num="89" count="2" type="cond" truecount="1" falsecount="1"/>
        <line num="90" count="2" type="stmt"/>
        <line num="91" count="2" type="stmt"/>
        <line num="92" count="2" type="stmt"/>
        <line num="96" count="2" type="stmt"/>
        <line num="97" count="2" type="stmt"/>
        <line num="98" count="2" type="stmt"/>
        <line num="102" count="4" type="stmt"/>
        <line num="103" count="4" type="stmt"/>
        <line num="104" count="4" type="cond" truecount="2" falsecount="0"/>
        <line num="105" count="3" type="stmt"/>
        <line num="106" count="2" type="stmt"/>
        <line num="118" count="4" type="stmt"/>
        <line num="119" count="4" type="stmt"/>
        <line num="120" count="4" type="stmt"/>
        <line num="125" count="2" type="stmt"/>
      </file>
      <file name="orderStore.ts" path="/home/user/fooddeliver-customer/stores/orderStore.ts">
        <metrics statements="4" coveredstatements="4" conditionals="0" coveredconditionals="0" methods="4" coveredmethods="4"/>
        <line num="13" count="1" type="stmt"/>
        <line num="17" count="3" type="stmt"/>
        <line num="18" count="7" type="stmt"/>
        <line num="19" count="2" type="stmt"/>
      </file>
    </package>
  </project>
</coverage>
