{"/home/user/fooddeliver-customer/services/serverConfig.ts": {"path":"/home/user/fooddeliver-customer/services/serverConfig.ts","statementMap":{"0":{"start":{"line":4,"column":23},"end":{"line":4,"column":35}},"1":{"start":{"line":5,"column":23},"end":{"line":5,"column":35}},"2":{"start":{"line":7,"column":17},"end":{"line":10,"column":1}},"3":{"start":{"line":12,"column":34},"end":{"line":12,"column":38}},"4":{"start":{"line":13,"column":37},"end":{"line":13,"column":41}},"5":{"start":{"line":16,"column":2},"end":{"line":24,"column":3}},"6":{"start":{"line":17,"column":22},"end":{"line":17,"column":68}},"7":{"start":{"line":18,"column":25},"end":{"line":18,"column":71}},"8":{"start":{"line":19,"column":4},"end":{"line":19,"column":48}},"9":{"start":{"line":20,"column":4},"end":{"line":20,"column":57}},"10":{"start":{"line":22,"column":4},"end":{"line":22,"column":35}},"11":{"start":{"line":23,"column":4},"end":{"line":23,"column":41}},"12":{"start":{"line":28,"column":15},"end":{"line":28,"column":46}},"13":{"start":{"line":29,"column":2},"end":{"line":29,"column":54}},"14":{"start":{"line":33,"column":2},"end":{"line":33,"column":47}},"15":{"start":{"line":37,"column":21},"end":{"line":37,"column":47}},"16":{"start":{"line":38,"column":24},"end":{"line":38,"column":53}},"17":{"start":{"line":39,"column":2},"end":{"line":39,"column":61}},"18":{"start":{"line":40,"column":2},"end":{"line":40,"column":64}},"19":{"start":{"line":41,"column":2},"end":{"line":41,"column":28}},"20":{"start":{"line":42,"column":2},"end":{"line":42,"column":34}},"21":{"start":{"line":46,"column":2},"end":{"line":46,"column":52}},"22":{"start":{"line":47,"column":2},"end":{"line":47,"column":52}},"23":{"start":{"line":48,"column":2},"end":{"line":48,"column":33}},"24":{"start":{"line":49,"column":2},"end":{"line":49,"column":39}},"25":{"start":{"line":53,"column":2},"end":{"line":53,"column":25}}},"fnMap":{"0":{"name":"loadServerConfig","decl":{"start":{"line":15,"column":22},"end":{"line":15,"column":38}},"loc":{"start":{"line":15,"column":56},"end":{"line":25,"column":1}},"line":15},"1":{"name":"getApiUrl","decl":{"start":{"line":27,"column":16},"end":{"line":27,"column":25}},"loc":{"start":{"line":27,"column":36},"end":{"line":30,"column":1}},"line":27},"2":{"name":"getSocketUrl","decl":{"start":{"line":32,"column":16},"end":{"line":32,"column":28}},"loc":{"start":{"line":32,"column":39},"end":{"line":34,"column":1}},"line":32},"3":{"name":"setServerUrls","decl":{"start":{"line":36,"column":22},"end":{"line":36,"column":35}},"loc":{"start":{"line":36,"column":86},"end":{"line":43,"column":1}},"line":36},"4":{"name":"clearServerConfig","decl":{"start":{"line":45,"column":22},"end":{"line":45,"column":39}},"loc":{"start":{"line":45,"column":57},"end":{"line":50,"column":1}},"line":45},"5":{"name":"getDefaults","decl":{"start":{"line":52,"column":16},"end":{"line":52,"column":27}},"loc":{"start":{"line":52,"column":30},"end":{"line":54,"column":1}},"line":52}},"branchMap":{"0":{"loc":{"start":{"line":8,"column":10},"end":{"line":8,"column":71}},"type":"binary-expr","locations":[{"start":{"line":8,"column":10},"end":{"line":8,"column":45}},{"start":{"line":8,"column":49},"end":{"line":8,"column":71}}],"line":8},"1":{"loc":{"start":{"line":9,"column":13},"end":{"line":9,"column":77}},"type":"binary-expr","locations":[{"start":{"line":9,"column":13},"end":{"line":9,"column":51}},{"start":{"line":9,"column":55},"end":{"line":9,"column":77}}],"line":9},"2":{"loc":{"start":{"line":19,"column":19},"end":{"line":19,"column":47}},"type":"binary-expr","locations":[{"start":{"line":19,"column":19},"end":{"line":19,"column":28}},{"start":{"line":19,"column":32},"end":{"line":19,"column":47}}],"line":19},"3":{"loc":{"start":{"line":20,"column":22},"end":{"line":20,"column":56}},"type":"binary-expr","locations":[{"start":{"line":20,"column":22},"end":{"line":20,"column":34}},{"start":{"line":20,"column":38},"end":{"line":20,"column":56}}],"line":20},"4":{"loc":{"start":{"line":28,"column":15},"end":{"line":28,"column":46}},"type":"binary-expr","locations":[{"start":{"line":28,"column":15},"end":{"line":28,"column":27}},{"start":{"line":28,"column":31},"end":{"line":28,"column":46}}],"line":28},"5":{"loc":{"start":{"line":29,"column":9},"end":{"line":29,"column":53}},"type":"cond-expr","locations":[{"start":{"line":29,"column":33},"end":{"line":29,"column":37}},{"start":{"line":29,"column":40},"end":{"line":29,"column":53}}],"line":29},"6":{"loc":{"start":{"line":33,"column":9},"end":{"line":33,"column":46}},"type":"binary-expr","locations":[{"start":{"line":33,"column":9},"end":{"line":33,"column":24}},{"start":{"line":33,"column":28},"end":{"line":33,"column":46}}],"line":33}},"s":{"0":1,"1":1,"2":1,"3":1,"4":1,"5":5,"6":5,"7":4,"8":4,"9":4,"10":1,"11":1,"12":9,"13":9,"14":7,"15":8,"16":8,"17":8,"18":8,"19":8,"20":8,"21":17,"22":17,"23":17,"24":17,"25":5},"f":{"0":5,"1":9,"2":7,"3":8,"4":17,"5":5},"b":{"0":[1,0],"1":[1,0],"2":[4,1],"3":[4,3],"4":[9,0],"5":[1,8],"6":[7,0]},"_coverageSchema":"1a1c01bbd47fc00a2c39e90264f33305004495a9","hash":"2f4f7f3ffb35698d4bc1021ccd8c41d4bd595480"}
,"/home/user/fooddeliver-customer/stores/authStore.ts": {"path":"/home/user/fooddeliver-customer/stores/authStore.ts","statementMap":{"0":{"start":{"line":6,"column":17},"end":{"line":6,"column":28}},"1":{"start":{"line":27,"column":28},"end":{"line":147,"column":3}},"2":{"start":{"line":27,"column":61},"end":{"line":147,"column":1}},"3":{"start":{"line":34,"column":4},"end":{"line":34,"column":42}},"4":{"start":{"line":36,"column":4},"end":{"line":56,"column":5}},"5":{"start":{"line":37,"column":38},"end":{"line":37,"column":74}},"6":{"start":{"line":39,"column":6},"end":{"line":41,"column":7}},"7":{"start":{"line":40,"column":8},"end":{"line":40,"column":59}},"8":{"start":{"line":43,"column":6},"end":{"line":43,"column":67}},"9":{"start":{"line":44,"column":6},"end":{"line":44,"column":78}},"10":{"start":{"line":46,"column":6},"end":{"line":51,"column":9}},"11":{"start":{"line":53,"column":22},"end":{"line":53,"column":86}},"12":{"start":{"line":54,"column":6},"end":{"line":54,"column":48}},"13":{"start":{"line":55,"column":6},"end":{"line":55,"column":18}},"14":{"start":{"line":60,"column":4},"end":{"line":60,"column":42}},"15":{"start":{"line":62,"column":4},"end":{"line":78,"column":5}},"16":{"start":{"line":63,"column":38},"end":{"line":63,"column":74}},"17":{"start":{"line":65,"column":6},"end":{"line":65,"column":67}},"18":{"start":{"line":66,"column":6},"end":{"line":66,"column":78}},"19":{"start":{"line":68,"column":6},"end":{"line":73,"column":9}},"20":{"start":{"line":75,"column":22},"end":{"line":75,"column":93}},"21":{"start":{"line":76,"column":6},"end":{"line":76,"column":48}},"22":{"start":{"line":77,"column":6},"end":{"line":77,"column":18}},"23":{"start":{"line":82,"column":4},"end":{"line":82,"column":29}},"24":{"start":{"line":84,"column":4},"end":{"line":96,"column":5}},"25":{"start":{"line":85,"column":6},"end":{"line":85,"column":26}},"26":{"start":{"line":86,"column":6},"end":{"line":86,"column":50}},"27":{"start":{"line":88,"column":6},"end":{"line":88,"column":51}},"28":{"start":{"line":90,"column":6},"end":{"line":95,"column":9}},"29":{"start":{"line":100,"column":4},"end":{"line":100,"column":29}},"30":{"start":{"line":102,"column":4},"end":{"line":134,"column":5}},"31":{"start":{"line":103,"column":20},"end":{"line":103,"column":42}},"32":{"start":{"line":105,"column":6},"end":{"line":108,"column":7}},"33":{"start":{"line":106,"column":8},"end":{"line":106,"column":58}},"34":{"start":{"line":107,"column":8},"end":{"line":107,"column":15}},"35":{"start":{"line":110,"column":23},"end":{"line":110,"column":63}},"36":{"start":{"line":112,"column":6},"end":{"line":130,"column":7}},"37":{"start":{"line":113,"column":21},"end":{"line":113,"column":41}},"38":{"start":{"line":115,"column":8},"end":{"line":119,"column":11}},"39":{"start":{"line":121,"column":8},"end":{"line":126,"column":9}},"40":{"start":{"line":122,"column":28},"end":{"line":122,"column":49}},"41":{"start":{"line":123,"column":10},"end":{"line":123,"column":53}},"42":{"start":{"line":125,"column":10},"end":{"line":125,"column":54}},"43":{"start":{"line":128,"column":8},"end":{"line":128,"column":28}},"44":{"start":{"line":129,"column":8},"end":{"line":129,"column":58}},"45":{"start":{"line":132,"column":6},"end":{"line":132,"column":57}},"46":{"start":{"line":133,"column":6},"end":{"line":133,"column":56}},"47":{"start":{"line":137,"column":20},"end":{"line":137,"column":40}},"48":{"start":{"line":140,"column":24},"end":{"line":140,"column":34}},"49":{"start":{"line":141,"column":4},"end":{"line":145,"column":5}},"50":{"start":{"line":142,"column":26},"end":{"line":142,"column":59}},"51":{"start":{"line":143,"column":6},"end":{"line":143,"column":33}},"52":{"start":{"line":144,"column":6},"end":{"line":144,"column":70}},"53":{"start":{"line":150,"column":0},"end":{"line":157,"column":3}},"54":{"start":{"line":151,"column":2},"end":{"line":156,"column":5}}},"fnMap":{"0":{"name":"(anonymous_0)","decl":{"start":{"line":27,"column":46},"end":{"line":27,"column":47}},"loc":{"start":{"line":27,"column":61},"end":{"line":147,"column":1}},"line":27},"1":{"name":"(anonymous_1)","decl":{"start":{"line":33,"column":9},"end":{"line":33,"column":10}},"loc":{"start":{"line":33,"column":52},"end":{"line":57,"column":3}},"line":33},"2":{"name":"(anonymous_2)","decl":{"start":{"line":59,"column":12},"end":{"line":59,"column":13}},"loc":{"start":{"line":59,"column":28},"end":{"line":79,"column":3}},"line":59},"3":{"name":"(anonymous_3)","decl":{"start":{"line":81,"column":10},"end":{"line":81,"column":11}},"loc":{"start":{"line":81,"column":22},"end":{"line":97,"column":3}},"line":81},"4":{"name":"(anonymous_4)","decl":{"start":{"line":99,"column":18},"end":{"line":99,"column":19}},"loc":{"start":{"line":99,"column":30},"end":{"line":135,"column":3}},"line":99},"5":{"name":"(anonymous_5)","decl":{"start":{"line":137,"column":14},"end":{"line":137,"column":15}},"loc":{"start":{"line":137,"column":20},"end":{"line":137,"column":40}},"line":137},"6":{"name":"(anonymous_6)","decl":{"start":{"line":139,"column":14},"end":{"line":139,"column":15}},"loc":{"start":{"line":139,"column":45},"end":{"line":146,"column":3}},"line":139},"7":{"name":"(anonymous_7)","decl":{"start":{"line":150,"column":17},"end":{"line":150,"column":18}},"loc":{"start":{"line":150,"column":23},"end":{"line":157,"column":1}},"line":150}},"branchMap":{"0":{"loc":{"start":{"line":39,"column":6},"end":{"line":41,"column":7}},"type":"if","locations":[{"start":{"line":39,"column":6},"end":{"line":41,"column":7}},{"start":{},"end":{}}],"line":39},"1":{"loc":{"start":{"line":53,"column":22},"end":{"line":53,"column":86}},"type":"binary-expr","locations":[{"start":{"line":53,"column":22},"end":{"line":53,"column":51}},{"start":{"line":53,"column":55},"end":{"line":53,"column":68}},{"start":{"line":53,"column":72},"end":{"line":53,"column":86}}],"line":53},"2":{"loc":{"start":{"line":75,"column":22},"end":{"line":75,"column":93}},"type":"binary-expr","locations":[{"start":{"line":75,"column":22},"end":{"line":75,"column":51}},{"start":{"line":75,"column":55},"end":{"line":75,"column":68}},{"start":{"line":75,"column":72},"end":{"line":75,"column":93}}],"line":75},"3":{"loc":{"start":{"line":105,"column":6},"end":{"line":108,"column":7}},"type":"if","locations":[{"start":{"line":105,"column":6},"end":{"line":108,"column":7}},{"start":{},"end":{}}],"line":105},"4":{"loc":{"start":{"line":112,"column":6},"end":{"line":130,"column":7}},"type":"if","locations":[{"start":{"line":112,"column":6},"end":{"line":130,"column":7}},{"start":{"line":127,"column":13},"end":{"line":130,"column":7}}],"line":112},"5":{"loc":{"start":{"line":123,"column":22},"end":{"line":123,"column":49}},"type":"binary-expr","locations":[{"start":{"line":123,"column":22},"end":{"line":123,"column":36}},{"start":{"line":123,"column":40},"end":{"line":123,"column":49}}],"line":123},"6":{"loc":{"start":{"line":141,"column":4},"end":{"line":145,"column":5}},"type":"if","locations":[{"start":{"line":141,"column":4},"end":{"line":145,"column":5}},{"start":{},"end":{}}],"line":141}},"s":{"0":1,"1":1,"2":1,"3":5,"4":5,"5":5,"6":3,"7":1,"8":2,"9":2,"10":2,"11":3,"12":3,"13":3,"14":3,"15":3,"16":3,"17":1,"18":1,"19":1,"20":2,"21":2,"22":2,"23":3,"24":3,"25":3,"26":2,"27":1,"28":3,"29":6,"30":6,"31":6,"32":5,"33":1,"34":1,"35":4,"36":4,"37":3,"38":3,"39":3,"40":3,"41":2,"42":1,"43":1,"44":1,"45":1,"46":1,"47":1,"48":3,"49":3,"50":2,"51":2,"52":2,"53":1,"54":0},"f":{"0":1,"1":5,"2":3,"3":3,"4":6,"5":1,"6":3,"7":0},"b":{"0":[1,2],"1":[3,2,0],"2":[2,1,0],"3":[1,4],"4":[3,1],"5":[2,0],"6":[2,1]},"_coverageSchema":"1a1c01bbd47fc00a2c39e90264f33305004495a9","hash":"cb4812caf95089363e5208dca5213caef019d361"}
,"/home/user/fooddeliver-customer/stores/cartStore.ts": {"path":"/home/user/fooddeliver-customer/stores/cartStore.ts","statementMap":{"0":{"start":{"line":5,"column":25},"end":{"line":5,"column":40}},"1":{"start":{"line":7,"column":13},"end":{"line":7,"column":14}},"2":{"start":{"line":9,"column":2},"end":{"line":9,"column":42}},"3":{"start":{"line":28,"column":2},"end":{"line":28,"column":80}},"4":{"start":{"line":31,"column":28},"end":{"line":127,"column":3}},"5":{"start":{"line":31,"column":61},"end":{"line":127,"column":1}},"6":{"start":{"line":37,"column":18},"end":{"line":37,"column":23}},"7":{"start":{"line":40,"column":4},"end":{"line":49,"column":5}},"8":{"start":{"line":41,"column":23},"end":{"line":45,"column":7}},"9":{"start":{"line":46,"column":6},"end":{"line":46,"column":20}},"10":{"start":{"line":47,"column":6},"end":{"line":47,"column":28}},"11":{"start":{"line":48,"column":6},"end":{"line":48,"column":13}},"12":{"start":{"line":52,"column":26},"end":{"line":56,"column":5}},"13":{"start":{"line":54,"column":8},"end":{"line":55,"column":66}},"14":{"start":{"line":59,"column":4},"end":{"line":67,"column":5}},"15":{"start":{"line":60,"column":6},"end":{"line":60,"column":34}},"16":{"start":{"line":61,"column":6},"end":{"line":64,"column":8}},"17":{"start":{"line":66,"column":6},"end":{"line":66,"column":65}},"18":{"start":{"line":69,"column":21},"end":{"line":69,"column":70}},"19":{"start":{"line":70,"column":4},"end":{"line":70,"column":18}},"20":{"start":{"line":71,"column":4},"end":{"line":71,"column":26}},"21":{"start":{"line":75,"column":21},"end":{"line":75,"column":59}},"22":{"start":{"line":75,"column":47},"end":{"line":75,"column":58}},"23":{"start":{"line":77,"column":6},"end":{"line":79,"column":101}},"24":{"start":{"line":80,"column":4},"end":{"line":80,"column":18}},"25":{"start":{"line":81,"column":4},"end":{"line":81,"column":26}},"26":{"start":{"line":85,"column":4},"end":{"line":88,"column":5}},"27":{"start":{"line":86,"column":6},"end":{"line":86,"column":27}},"28":{"start":{"line":87,"column":6},"end":{"line":87,"column":13}},"29":{"start":{"line":89,"column":21},"end":{"line":89,"column":83}},"30":{"start":{"line":89,"column":45},"end":{"line":89,"column":81}},"31":{"start":{"line":90,"column":21},"end":{"line":90,"column":112}},"32":{"start":{"line":91,"column":4},"end":{"line":91,"column":18}},"33":{"start":{"line":92,"column":4},"end":{"line":92,"column":26}},"34":{"start":{"line":96,"column":21},"end":{"line":96,"column":76}},"35":{"start":{"line":97,"column":4},"end":{"line":97,"column":18}},"36":{"start":{"line":98,"column":4},"end":{"line":98,"column":26}},"37":{"start":{"line":102,"column":4},"end":{"line":114,"column":5}},"38":{"start":{"line":103,"column":21},"end":{"line":103,"column":65}},"39":{"start":{"line":104,"column":6},"end":{"line":111,"column":7}},"40":{"start":{"line":105,"column":23},"end":{"line":105,"column":41}},"41":{"start":{"line":106,"column":8},"end":{"line":110,"column":11}},"42":{"start":{"line":118,"column":4},"end":{"line":121,"column":10}},"43":{"start":{"line":119,"column":27},"end":{"line":119,"column":72}},"44":{"start":{"line":119,"column":57},"end":{"line":119,"column":68}},"45":{"start":{"line":120,"column":6},"end":{"line":120,"column":63}},"46":{"start":{"line":125,"column":4},"end":{"line":125,"column":69}},"47":{"start":{"line":125,"column":45},"end":{"line":125,"column":64}}},"fnMap":{"0":{"name":"generateId","decl":{"start":{"line":8,"column":9},"end":{"line":8,"column":19}},"loc":{"start":{"line":8,"column":30},"end":{"line":10,"column":1}},"line":8},"1":{"name":"persistCart","decl":{"start":{"line":27,"column":9},"end":{"line":27,"column":20}},"loc":{"start":{"line":27,"column":111},"end":{"line":29,"column":1}},"line":27},"2":{"name":"(anonymous_2)","decl":{"start":{"line":28,"column":70},"end":{"line":28,"column":71}},"loc":{"start":{"line":28,"column":76},"end":{"line":28,"column":78}},"line":28},"3":{"name":"(anonymous_3)","decl":{"start":{"line":31,"column":46},"end":{"line":31,"column":47}},"loc":{"start":{"line":31,"column":61},"end":{"line":127,"column":1}},"line":31},"4":{"name":"(anonymous_4)","decl":{"start":{"line":36,"column":11},"end":{"line":36,"column":12}},"loc":{"start":{"line":36,"column":51},"end":{"line":72,"column":3}},"line":36},"5":{"name":"(anonymous_5)","decl":{"start":{"line":53,"column":6},"end":{"line":53,"column":7}},"loc":{"start":{"line":54,"column":8},"end":{"line":55,"column":66}},"line":54},"6":{"name":"(anonymous_6)","decl":{"start":{"line":74,"column":14},"end":{"line":74,"column":15}},"loc":{"start":{"line":74,"column":22},"end":{"line":82,"column":3}},"line":74},"7":{"name":"(anonymous_7)","decl":{"start":{"line":75,"column":40},"end":{"line":75,"column":41}},"loc":{"start":{"line":75,"column":47},"end":{"line":75,"column":58}},"line":75},"8":{"name":"(anonymous_8)","decl":{"start":{"line":84,"column":18},"end":{"line":84,"column":19}},"loc":{"start":{"line":84,"column":36},"end":{"line":93,"column":3}},"line":84},"9":{"name":"(anonymous_9)","decl":{"start":{"line":89,"column":37},"end":{"line":89,"column":38}},"loc":{"start":{"line":89,"column":45},"end":{"line":89,"column":81}},"line":89},"10":{"name":"(anonymous_10)","decl":{"start":{"line":95,"column":13},"end":{"line":95,"column":14}},"loc":{"start":{"line":95,"column":19},"end":{"line":99,"column":3}},"line":95},"11":{"name":"(anonymous_11)","decl":{"start":{"line":101,"column":12},"end":{"line":101,"column":13}},"loc":{"start":{"line":101,"column":24},"end":{"line":115,"column":3}},"line":101},"12":{"name":"(anonymous_12)","decl":{"start":{"line":117,"column":12},"end":{"line":117,"column":13}},"loc":{"start":{"line":117,"column":18},"end":{"line":122,"column":3}},"line":117},"13":{"name":"(anonymous_13)","decl":{"start":{"line":118,"column":30},"end":{"line":118,"column":31}},"loc":{"start":{"line":118,"column":45},"end":{"line":121,"column":5}},"line":118},"14":{"name":"(anonymous_14)","decl":{"start":{"line":119,"column":47},"end":{"line":119,"column":48}},"loc":{"start":{"line":119,"column":57},"end":{"line":119,"column":68}},"line":119},"15":{"name":"(anonymous_15)","decl":{"start":{"line":124,"column":13},"end":{"line":124,"column":14}},"loc":{"start":{"line":124,"column":19},"end":{"line":126,"column":3}},"line":124},"16":{"name":"(anonymous_16)","decl":{"start":{"line":125,"column":30},"end":{"line":125,"column":31}},"loc":{"start":{"line":125,"column":45},"end":{"line":125,"column":64}},"line":125}},"branchMap":{"0":{"loc":{"start":{"line":40,"column":4},"end":{"line":49,"column":5}},"type":"if","locations":[{"start":{"line":40,"column":4},"end":{"line":49,"column":5}},{"start":{},"end":{}}],"line":40},"1":{"loc":{"start":{"line":40,"column":8},"end":{"line":40,"column":65}},"type":"binary-expr","locations":[{"start":{"line":40,"column":8},"end":{"line":40,"column":26}},{"start":{"line":40,"column":30},"end":{"line":40,"column":65}}],"line":40},"2":{"loc":{"start":{"line":54,"column":8},"end":{"line":55,"column":66}},"type":"binary-expr","locations":[{"start":{"line":54,"column":8},"end":{"line":54,"column":40}},{"start":{"line":55,"column":8},"end":{"line":55,"column":66}}],"line":54},"3":{"loc":{"start":{"line":59,"column":4},"end":{"line":67,"column":5}},"type":"if","locations":[{"start":{"line":59,"column":4},"end":{"line":67,"column":5}},{"start":{"line":65,"column":11},"end":{"line":67,"column":5}}],"line":59},"4":{"loc":{"start":{"line":77,"column":6},"end":{"line":79,"column":101}},"type":"cond-expr","locations":[{"start":{"line":78,"column":10},"end":{"line":78,"column":65}},{"start":{"line":79,"column":10},"end":{"line":79,"column":101}}],"line":77},"5":{"loc":{"start":{"line":85,"column":4},"end":{"line":88,"column":5}},"type":"if","locations":[{"start":{"line":85,"column":4},"end":{"line":88,"column":5}},{"start":{},"end":{}}],"line":85},"6":{"loc":{"start":{"line":89,"column":45},"end":{"line":89,"column":81}},"type":"cond-expr","locations":[{"start":{"line":89,"column":59},"end":{"line":89,"column":77}},{"start":{"line":89,"column":80},"end":{"line":89,"column":81}}],"line":89},"7":{"loc":{"start":{"line":104,"column":6},"end":{"line":111,"column":7}},"type":"if","locations":[{"start":{"line":104,"column":6},"end":{"line":111,"column":7}},{"start":{},"end":{}}],"line":104},"8":{"loc":{"start":{"line":107,"column":17},"end":{"line":107,"column":35}},"type":"binary-expr","locations":[{"start":{"line":107,"column":17},"end":{"line":107,"column":29}},{"start":{"line":107,"column":33},"end":{"line":107,"column":35}}],"line":107},"9":{"loc":{"start":{"line":108,"column":24},"end":{"line":108,"column":51}},"type":"binary-expr","locations":[{"start":{"line":108,"column":24},"end":{"line":108,"column":43}},{"start":{"line":108,"column":47},"end":{"line":108,"column":51}}],"line":108},"10":{"loc":{"start":{"line":109,"column":26},"end":{"line":109,"column":55}},"type":"binary-expr","locations":[{"start":{"line":109,"column":26},"end":{"line":109,"column":47}},{"start":{"line":109,"column":51},"end":{"line":109,"column":55}}],"line":109}},"s":{"0":1,"1":1,"2":24,"3":34,"4":1,"5":1,"6":25,"7":25,"8":1,"9":1,"10":1,"11":1,"12":24,"13":6,"14":24,"15":1,"16":1,"17":23,"18":24,"19":24,"20":24,"21":5,"22":6,"23":5,"24":5,"25":5,"26":4,"27":2,"28":2,"29":2,"30":2,"31":2,"32":2,"33":2,"34":2,"35":2,"36":2,"37":4,"38":4,"39":4,"40":3,"41":2,"42":4,"43":4,"44":2,"45":4,"46":2,"47":2},"f":{"0":24,"1":34,"2":0,"3":1,"4":25,"5":6,"6":5,"7":6,"8":4,"9":2,"10":2,"11":4,"12":4,"13":4,"14":2,"15":2,"16":2},"b":{"0":[1,24],"1":[25,7],"2":[6,2],"3":[1,23],"4":[4,1],"5":[2,2],"6":[2,0],"7":[3,1],"8":[2,1],"9":[2,1],"10":[2,1]},"_coverageSchema":"1a1c01bbd47fc00a2c39e90264f33305004495a9","hash":"ba1c8c4ce5cd6133a5cbfd0fee28e52dfdd780a1"}
,"/home/user/fooddeliver-customer/stores/orderStore.ts": {"path":"/home/user/fooddeliver-customer/stores/orderStore.ts","statementMap":{"0":{"start":{"line":13,"column":29},"end":{"line":20,"column":3}},"1":{"start":{"line":13,"column":58},"end":{"line":20,"column":1}},"2":{"start":{"line":17,"column":34},"end":{"line":17,"column":87}},"3":{"start":{"line":18,"column":28},"end":{"line":18,"column":62}},"4":{"start":{"line":19,"column":26},"end":{"line":19,"column":79}}},"fnMap":{"0":{"name":"(anonymous_0)","decl":{"start":{"line":13,"column":48},"end":{"line":13,"column":49}},"loc":{"start":{"line":13,"column":58},"end":{"line":20,"column":1}},"line":13},"1":{"name":"(anonymous_1)","decl":{"start":{"line":17,"column":18},"end":{"line":17,"column":19}},"loc":{"start":{"line":17,"column":34},"end":{"line":17,"column":87}},"line":17},"2":{"name":"(anonymous_2)","decl":{"start":{"line":18,"column":16},"end":{"line":18,"column":17}},"loc":{"start":{"line":18,"column":28},"end":{"line":18,"column":62}},"line":18},"3":{"name":"(anonymous_3)","decl":{"start":{"line":19,"column":20},"end":{"line":19,"column":21}},"loc":{"start":{"line":19,"column":26},"end":{"line":19,"column":79}},"line":19}},"branchMap":{},"s":{"0":1,"1":1,"2":3,"3":7,"4":2},"f":{"0":1,"1":3,"2":7,"3":2},"b":{},"_coverageSchema":"1a1c01bbd47fc00a2c39e90264f33305004495a9","hash":"4233d8a38f804c0b8f59821d88ba63326b55cf9f"}
}
