TN:
SF:services/serverConfig.ts
FN:15,loadServerConfig
FN:27,getApiUrl
FN:32,getSocketUrl
FN:36,setServerUrls
FN:45,clearServerConfig
FN:52,getDefaults
FNF:6
FNH:6
FNDA:5,loadServerConfig
FNDA:9,getApiUrl
FNDA:7,getSocketUrl
FNDA:8,setServerUrls
FNDA:17,clearServerConfig
FNDA:5,getDefaults
DA:4,1
DA:5,1
DA:7,1
DA:12,1
DA:13,1
DA:16,5
DA:17,5
DA:18,4
DA:19,4
DA:20,4
DA:22,1
DA:23,1
DA:28,9
DA:29,9
DA:33,7
DA:37,8
DA:38,8
DA:39,8
DA:40,8
DA:41,8
DA:42,8
DA:46,17
DA:47,17
DA:48,17
DA:49,17
DA:53,5
LF:26
LH:26
BRDA:8,0,0,1
BRDA:8,0,1,0
BRDA:9,1,0,1
BRDA:9,1,1,0
BRDA:19,2,0,4
BRDA:19,2,1,1
BRDA:20,3,0,4
BRDA:20,3,1,3
BRDA:28,4,0,9
BRDA:28,4,1,0
BRDA:29,5,0,1
BRDA:29,5,1,8
BRDA:33,6,0,7
BRDA:33,6,1,0
BRF:14
BRH:10
end_of_record
TN:
SF:stores/authStore.ts
FN:27,(anonymous_0)
FN:33,(anonymous_1)
FN:59,(anonymous_2)
FN:81,(anonymous_3)
FN:99,(anonymous_4)
FN:137,(anonymous_5)
FN:139,(anonymous_6)
FN:150,(anonymous_7)
FNF:8
FNH:7
FNDA:1,(anonymous_0)
FNDA:5,(anonymous_1)
FNDA:3,(anonymous_2)
FNDA:3,(anonymous_3)
FNDA:6,(anonymous_4)
FNDA:1,(anonymous_5)
FNDA:3,(anonymous_6)
FNDA:0,(anonymous_7)
DA:6,1
DA:27,1
DA:34,5
DA:36,5
DA:37,5
DA:39,3
DA:40,1
DA:43,2
DA:44,2
DA:46,2
DA:53,3
DA:54,3
DA:55,3
DA:60,3
DA:62,3
DA:63,3
DA:65,1
DA:66,1
DA:68,1
DA:75,2
DA:76,2
DA:77,2
DA:82,3
DA:84,3
DA:85,3
DA:86,2
DA:88,1
DA:90,3
DA:100,6
DA:102,6
DA:103,6
DA:105,5
DA:106,1
DA:107,1
DA:110,4
DA:112,4
DA:113,3
DA:115,3
DA:121,3
DA:122,3
DA:123,2
DA:125,1
DA:128,1
DA:129,1
DA:132,1
DA:133,1
DA:137,1
DA:140,3
DA:141,3
DA:142,2
DA:143,2
DA:144,2
DA:150,1
DA:151,0
LF:54
LH:53
BRDA:39,0,0,1
BRDA:39,0,1,2
BRDA:53,1,0,3
BRDA:53,1,1,2
BRDA:53,1,2,0
BRDA:75,2,0,2
BRDA:75,2,1,1
BRDA:75,2,2,0
BRDA:105,3,0,1
BRDA:105,3,1,4
BRDA:112,4,0,3
BRDA:112,4,1,1
BRDA:123,5,0,2
BRDA:123,5,1,0
BRDA:141,6,0,2
BRDA:141,6,1,1
BRF:16
BRH:13
end_of_record
TN:
SF:stores/cartStore.ts
FN:8,generateId
FN:27,persistCart
FN:28,(anonymous_2)
FN:31,(anonymous_3)
FN:36,(anonymous_4)
FN:53,(anonymous_5)
FN:74,(anonymous_6)
FN:75,(anonymous_7)
FN:84,(anonymous_8)
FN:89,(anonymous_9)
FN:95,(anonymous_10)
FN:101,(anonymous_11)
FN:117,(anonymous_12)
FN:118,(anonymous_13)
FN:119,(anonymous_14)
FN:124,(anonymous_15)
FN:125,(anonymous_16)
FNF:17
FNH:16
FNDA:24,generateId
FNDA:34,persistCart
FNDA:0,(anonymous_2)
FNDA:1,(anonymous_3)
FNDA:25,(anonymous_4)
FNDA:6,(anonymous_5)
FNDA:5,(anonymous_6)
FNDA:6,(anonymous_7)
FNDA:4,(anonymous_8)
FNDA:2,(anonymous_9)
FNDA:2,(anonymous_10)
FNDA:4,(anonymous_11)
FNDA:4,(anonymous_12)
FNDA:4,(anonymous_13)
FNDA:2,(anonymous_14)
FNDA:2,(anonymous_15)
FNDA:2,(anonymous_16)
DA:5,1
DA:7,1
DA:9,24
DA:28,34
DA:31,1
DA:37,25
DA:40,25
DA:41,1
DA:46,1
DA:47,1
DA:48,1
DA:52,24
DA:54,6
DA:59,24
DA:60,1
DA:61,1
DA:66,23
DA:69,24
DA:70,24
DA:71,24
DA:75,6
DA:77,5
DA:80,5
DA:81,5
DA:85,4
DA:86,2
DA:87,2
DA:89,2
DA:90,2
DA:91,2
DA:92,2
DA:96,2
DA:97,2
DA:98,2
DA:102,4
DA:103,4
DA:104,4
DA:105,3
DA:106,2
DA:118,4
DA:119,4
DA:120,4
DA:125,2
LF:43
LH:43
BRDA:40,0,0,1
BRDA:40,0,1,24
BRDA:40,1,0,25
BRDA:40,1,1,7
BRDA:54,2,0,6
BRDA:54,2,1,2
BRDA:59,3,0,1
BRDA:59,3,1,23
BRDA:77,4,0,4
BRDA:77,4,1,1
BRDA:85,5,0,2
BRDA:85,5,1,2
BRDA:89,6,0,2
BRDA:89,6,1,0
BRDA:104,7,0,3
BRDA:104,7,1,1
BRDA:107,8,0,2
BRDA:107,8,1,1
BRDA:108,9,0,2
BRDA:108,9,1,1
BRDA:109,10,0,2
BRDA:109,10,1,1
BRF:22
BRH:21
end_of_record
TN:
SF:stores/orderStore.ts
FN:13,(anonymous_0)
FN:17,(anonymous_1)
FN:18,(anonymous_2)
FN:19,(anonymous_3)
FNF:4
FNH:4
FNDA:1,(anonymous_0)
FNDA:3,(anonymous_1)
FNDA:7,(anonymous_2)
FNDA:2,(anonymous_3)
DA:13,1
DA:17,3
DA:18,7
DA:19,2
LF:4
LH:4
BRF:0
BRH:0
end_of_record
